<?xml version="1.0" encoding="UTF-8"?>
<testsuite xmlns:xsi="http://www.w3.org/2001/XMLSchema-instance" xsi:noNamespaceSchemaLocation="https://maven.apache.org/surefire/maven-surefire-plugin/xsd/surefire-test-report-3.0.xsd" version="3.0" name="com.ridehailing.tripservice.TripSagaServiceTest" time="2.515" tests="3" errors="0" skipped="0" failures="0">
  <properties>
[...]
</properties>
  <testcase name="handleDriverMatched_createsTripAndPublishesTripCreated" classname="com.ridehailing.tripservice.TripSagaServiceTest" time="2.424">
    <system-out><![CDATA[10:39:04.260 [main] INFO com.ridehailing.tripservice.service.TripSagaService -- Trip 1d6dbf8f-5de1-4cf9-ac7c-f38755ac6342 created for rider rider-1 / driver driver-1
]]></system-out>
  </testcase>
  <testcase name="handlePaymentFailed_cancelsTripAndPublishesCompensatingEvent" classname="com.ridehailing.tripservice.TripSagaServiceTest" time="0.02">
    <system-out><![CDATA[10:39:04.529 [main] INFO com.ridehailing.tripservice.service.TripSagaService -- Trip 81c812d1-57ad-4a3b-80f8-f521daf83f34 cancelled - compensating for failed payment: card_declined
]]></system-out>
  </testcase>
  <testcase name="handlePaymentAuthorized_confirmsTripAndPublishesTripConfirmed" classname="com.ridehailing.tripservice.TripSagaServiceTest" time="0.011">
    <system-out><![CDATA[10:39:04.542 [main] INFO com.ridehailing.tripservice.service.TripSagaService -- Trip eb323c4d-37bd-4570-9eb2-2f30bf439561 confirmed after payment authorization
]]></system-out>
  </testcase>
</testsuite>